[2017-12-03 14:59:53] GLS3000.INFO: Matched route "{route}". {"route":"getEnseignant","route_parameters":{"_controller":"Controllers\\EnseignantControllers::getEnseignant","enseignant":"Be__ra","_route":"getEnseignant"},"request_uri":"http://localhost:8085/GLS3000/Enseignant/Be__ra","method":"GET"} []
[2017-12-03 14:59:53] GLS3000.DEBUG: > GET /GLS3000/Enseignant/Be__ra [] []
[2017-12-03 14:59:53] GLS3000.DEBUG: < 200 [] []
[2017-12-03 15:03:17] GLS3000.INFO: Matched route "{route}". {"route":"getEnseignant","route_parameters":{"_controller":"Controllers\\EnseignantControllers::getEnseignant","enseignant":"Be__rahhh","_route":"getEnseignant"},"request_uri":"http://localhost:8085/GLS3000/Enseignant/Be__rahhh","method":"GET"} []
[2017-12-03 15:03:17] GLS3000.DEBUG: > GET /GLS3000/Enseignant/Be__rahhh [] []
[2017-12-03 15:03:18] GLS3000.ERROR: Symfony\Component\HttpKernel\Exception\HttpException: Le professeur Be__rahhh n'existe pas. (uncaught exception) at /var/www/html/GLS3000/vendor/silex/silex/src/Silex/Application.php line 316 {"exception":"[object] (Symfony\\Component\\HttpKernel\\Exception\\HttpException(code: 0): Le professeur Be__rahhh n'existe pas. at /var/www/html/GLS3000/vendor/silex/silex/src/Silex/Application.php:316)"} []
[2017-12-03 15:03:18] GLS3000.DEBUG: < 404 [] []
[2017-12-03 15:12:44] GLS3000.INFO: Matched route "{route}". {"route":"suiviIndex","route_parameters":{"_controller":"Controllers\\HomeControllers::indexPage","_route":"suiviIndex"},"request_uri":"http://localhost:8085/GLS3000/","method":"GET"} []
[2017-12-03 15:12:44] GLS3000.DEBUG: > GET /GLS3000/ [] []
[2017-12-03 15:12:44] GLS3000.DEBUG: < 200 [] []
[2017-12-03 15:12:44] GLS3000.ERROR: Symfony\Component\HttpKernel\Exception\NotFoundHttpException: No route found for "GET /img/logo_gls.png" (from "http://localhost:8085/GLS3000/") (uncaught exception) at /var/www/html/GLS3000/vendor/symfony/http-kernel/EventListener/RouterListener.php line 139 {"exception":"[object] (Symfony\\Component\\HttpKernel\\Exception\\NotFoundHttpException(code: 0): No route found for \"GET /img/logo_gls.png\" (from \"http://localhost:8085/GLS3000/\") at /var/www/html/GLS3000/vendor/symfony/http-kernel/EventListener/RouterListener.php:139, Symfony\\Component\\Routing\\Exception\\ResourceNotFoundException(code: 0): No routes found for \"/img/logo_gls.png\". at /var/www/html/GLS3000/vendor/symfony/routing/Matcher/UrlMatcher.php:85)"} []
[2017-12-03 15:12:46] GLS3000.INFO: Matched route "{route}". {"route":"suiviIndex","route_parameters":{"_controller":"Controllers\\HomeControllers::indexPage","_route":"suiviIndex"},"request_uri":"http://localhost:8085/GLS3000/","method":"GET"} []
[2017-12-03 15:12:46] GLS3000.DEBUG: > GET /GLS3000/ [] []
[2017-12-03 15:12:46] GLS3000.DEBUG: < 200 [] []
[2017-12-03 15:12:47] GLS3000.ERROR: Symfony\Component\HttpKernel\Exception\NotFoundHttpException: No route found for "GET /img/logo_gls.png" (from "http://localhost:8085/GLS3000/") (uncaught exception) at /var/www/html/GLS3000/vendor/symfony/http-kernel/EventListener/RouterListener.php line 139 {"exception":"[object] (Symfony\\Component\\HttpKernel\\Exception\\NotFoundHttpException(code: 0): No route found for \"GET /img/logo_gls.png\" (from \"http://localhost:8085/GLS3000/\") at /var/www/html/GLS3000/vendor/symfony/http-kernel/EventListener/RouterListener.php:139, Symfony\\Component\\Routing\\Exception\\ResourceNotFoundException(code: 0): No routes found for \"/img/logo_gls.png\". at /var/www/html/GLS3000/vendor/symfony/routing/Matcher/UrlMatcher.php:85)"} []
[2017-12-03 15:12:49] GLS3000.INFO: Matched route "{route}". {"route":"rechercheCours","route_parameters":{"_controller":"Controllers\\CoursControllers::rechercheCours","_route":"rechercheCours"},"request_uri":"http://localhost:8085/GLS3000/Cours","method":"GET"} []
[2017-12-03 15:12:49] GLS3000.DEBUG: > GET /GLS3000/Cours [] []
[2017-12-03 15:12:49] GLS3000.DEBUG: < 200 [] []
[2017-12-03 15:12:50] GLS3000.ERROR: Symfony\Component\HttpKernel\Exception\NotFoundHttpException: No route found for "GET /css/images/ui-bg_highlight-soft_100_eeeeee_1x100.png" (from "http://localhost:8085/GLS3000/web/css/jquery-ui.css") (uncaught exception) at /var/www/html/GLS3000/vendor/symfony/http-kernel/EventListener/RouterListener.php line 139 {"exception":"[object] (Symfony\\Component\\HttpKernel\\Exception\\NotFoundHttpException(code: 0): No route found for \"GET /css/images/ui-bg_highlight-soft_100_eeeeee_1x100.png\" (from \"http://localhost:8085/GLS3000/web/css/jquery-ui.css\") at /var/www/html/GLS3000/vendor/symfony/http-kernel/EventListener/RouterListener.php:139, Symfony\\Component\\Routing\\Exception\\ResourceNotFoundException(code: 0): No routes found for \"/css/images/ui-bg_highlight-soft_100_eeeeee_1x100.png\". at /var/www/html/GLS3000/vendor/symfony/routing/Matcher/UrlMatcher.php:85)"} []
[2017-12-03 15:15:25] GLS3000.INFO: Matched route "{route}". {"route":"rechercheCours","route_parameters":{"_controller":"Controllers\\CoursControllers::rechercheCours","_route":"rechercheCours"},"request_uri":"http://localhost:8085/GLS3000/Cours","method":"GET"} []
[2017-12-03 15:15:25] GLS3000.DEBUG: > GET /GLS3000/Cours [] []
[2017-12-03 15:15:25] GLS3000.DEBUG: < 200 [] []
[2017-12-03 15:15:26] GLS3000.ERROR: Symfony\Component\HttpKernel\Exception\NotFoundHttpException: No route found for "GET /css/images/ui-bg_highlight-soft_100_eeeeee_1x100.png" (from "http://localhost:8085/GLS3000/web/css/jquery-ui.css") (uncaught exception) at /var/www/html/GLS3000/vendor/symfony/http-kernel/EventListener/RouterListener.php line 139 {"exception":"[object] (Symfony\\Component\\HttpKernel\\Exception\\NotFoundHttpException(code: 0): No route found for \"GET /css/images/ui-bg_highlight-soft_100_eeeeee_1x100.png\" (from \"http://localhost:8085/GLS3000/web/css/jquery-ui.css\") at /var/www/html/GLS3000/vendor/symfony/http-kernel/EventListener/RouterListener.php:139, Symfony\\Component\\Routing\\Exception\\ResourceNotFoundException(code: 0): No routes found for \"/css/images/ui-bg_highlight-soft_100_eeeeee_1x100.png\". at /var/www/html/GLS3000/vendor/symfony/routing/Matcher/UrlMatcher.php:85)"} []
[2017-12-03 15:15:28] GLS3000.ERROR: Symfony\Component\HttpKernel\Exception\NotFoundHttpException: No route found for "GET /css/images/ui-bg_glass_100_fdf5ce_1x400.png" (from "http://localhost:8085/GLS3000/web/css/jquery-ui.css") (uncaught exception) at /var/www/html/GLS3000/vendor/symfony/http-kernel/EventListener/RouterListener.php line 139 {"exception":"[object] (Symfony\\Component\\HttpKernel\\Exception\\NotFoundHttpException(code: 0): No route found for \"GET /css/images/ui-bg_glass_100_fdf5ce_1x400.png\" (from \"http://localhost:8085/GLS3000/web/css/jquery-ui.css\") at /var/www/html/GLS3000/vendor/symfony/http-kernel/EventListener/RouterListener.php:139, Symfony\\Component\\Routing\\Exception\\ResourceNotFoundException(code: 0): No routes found for \"/css/images/ui-bg_glass_100_fdf5ce_1x400.png\". at /var/www/html/GLS3000/vendor/symfony/routing/Matcher/UrlMatcher.php:85)"} []
[2017-12-03 15:15:29] GLS3000.INFO: Matched route "{route}". {"route":"rechercheCours","route_parameters":{"_controller":"Controllers\\CoursControllers::rechercheCours","_route":"rechercheCours"},"request_uri":"http://localhost:8085/GLS3000/Cours?cours=MIAGE-Algorithmique%20de%20graphes%20et%20applications%20de%20la%20RO","method":"GET"} []
[2017-12-03 15:15:29] GLS3000.DEBUG: > GET /GLS3000/Cours?cours=MIAGE-Algorithmique+de+graphes+et+applications+de+la+RO [] []
[2017-12-03 15:15:30] GLS3000.DEBUG: < 302 Cours/MIAGE-Algorithmique de graphes et applications de la RO [] []
[2017-12-03 15:15:30] GLS3000.INFO: Matched route "{route}". {"route":"getCours","route_parameters":{"_controller":"Controllers\\CoursControllers::getCours","cours":"MIAGE-Algorithmique de graphes et applications de la RO","_route":"getCours"},"request_uri":"http://localhost:8085/GLS3000/Cours/MIAGE-Algorithmique%20de%20graphes%20et%20applications%20de%20la%20RO","method":"GET"} []
[2017-12-03 15:15:30] GLS3000.DEBUG: > GET /GLS3000/Cours/MIAGE-Algorithmique%20de%20graphes%20et%20applications%20de%20la%20RO [] []
[2017-12-03 15:15:30] GLS3000.DEBUG: < 200 [] []
[2017-12-03 15:15:32] GLS3000.INFO: Matched route "{route}". {"route":"suiviIndex","route_parameters":{"_controller":"Controllers\\HomeControllers::indexPage","_route":"suiviIndex"},"request_uri":"http://localhost:8085/GLS3000/","method":"GET"} []
[2017-12-03 15:15:32] GLS3000.DEBUG: > GET /GLS3000/ [] []
[2017-12-03 15:15:32] GLS3000.DEBUG: < 200 [] []
[2017-12-03 15:15:32] GLS3000.ERROR: Symfony\Component\HttpKernel\Exception\NotFoundHttpException: No route found for "GET /img/logo_gls.png" (from "http://localhost:8085/GLS3000/") (uncaught exception) at /var/www/html/GLS3000/vendor/symfony/http-kernel/EventListener/RouterListener.php line 139 {"exception":"[object] (Symfony\\Component\\HttpKernel\\Exception\\NotFoundHttpException(code: 0): No route found for \"GET /img/logo_gls.png\" (from \"http://localhost:8085/GLS3000/\") at /var/www/html/GLS3000/vendor/symfony/http-kernel/EventListener/RouterListener.php:139, Symfony\\Component\\Routing\\Exception\\ResourceNotFoundException(code: 0): No routes found for \"/img/logo_gls.png\". at /var/www/html/GLS3000/vendor/symfony/routing/Matcher/UrlMatcher.php:85)"} []
[2017-12-03 15:15:34] GLS3000.INFO: Matched route "{route}". {"route":"rechercheEnseignant","route_parameters":{"_controller":"Controllers\\EnseignantControllers::rechercheEnseignant","_route":"rechercheEnseignant"},"request_uri":"http://localhost:8085/GLS3000/Enseignant","method":"GET"} []
[2017-12-03 15:15:34] GLS3000.DEBUG: > GET /GLS3000/Enseignant [] []
[2017-12-03 15:15:34] GLS3000.DEBUG: < 200 [] []
[2017-12-03 15:15:34] GLS3000.ERROR: Symfony\Component\HttpKernel\Exception\NotFoundHttpException: No route found for "GET /css/images/ui-bg_highlight-soft_100_eeeeee_1x100.png" (from "http://localhost:8085/GLS3000/web/css/jquery-ui.css") (uncaught exception) at /var/www/html/GLS3000/vendor/symfony/http-kernel/EventListener/RouterListener.php line 139 {"exception":"[object] (Symfony\\Component\\HttpKernel\\Exception\\NotFoundHttpException(code: 0): No route found for \"GET /css/images/ui-bg_highlight-soft_100_eeeeee_1x100.png\" (from \"http://localhost:8085/GLS3000/web/css/jquery-ui.css\") at /var/www/html/GLS3000/vendor/symfony/http-kernel/EventListener/RouterListener.php:139, Symfony\\Component\\Routing\\Exception\\ResourceNotFoundException(code: 0): No routes found for \"/css/images/ui-bg_highlight-soft_100_eeeeee_1x100.png\". at /var/www/html/GLS3000/vendor/symfony/routing/Matcher/UrlMatcher.php:85)"} []
[2017-12-03 15:15:36] GLS3000.ERROR: Symfony\Component\HttpKernel\Exception\NotFoundHttpException: No route found for "GET /css/images/ui-bg_glass_100_fdf5ce_1x400.png" (from "http://localhost:8085/GLS3000/web/css/jquery-ui.css") (uncaught exception) at /var/www/html/GLS3000/vendor/symfony/http-kernel/EventListener/RouterListener.php line 139 {"exception":"[object] (Symfony\\Component\\HttpKernel\\Exception\\NotFoundHttpException(code: 0): No route found for \"GET /css/images/ui-bg_glass_100_fdf5ce_1x400.png\" (from \"http://localhost:8085/GLS3000/web/css/jquery-ui.css\") at /var/www/html/GLS3000/vendor/symfony/http-kernel/EventListener/RouterListener.php:139, Symfony\\Component\\Routing\\Exception\\ResourceNotFoundException(code: 0): No routes found for \"/css/images/ui-bg_glass_100_fdf5ce_1x400.png\". at /var/www/html/GLS3000/vendor/symfony/routing/Matcher/UrlMatcher.php:85)"} []
[2017-12-03 15:15:37] GLS3000.INFO: Matched route "{route}". {"route":"rechercheEnseignant","route_parameters":{"_controller":"Controllers\\EnseignantControllers::rechercheEnseignant","_route":"rechercheEnseignant"},"request_uri":"http://localhost:8085/GLS3000/Enseignant?enseignant=D___fo","method":"GET"} []
[2017-12-03 15:15:37] GLS3000.DEBUG: > GET /GLS3000/Enseignant?enseignant=D___fo [] []
[2017-12-03 15:15:37] GLS3000.DEBUG: < 302 Enseignant/D___fo [] []
[2017-12-03 15:15:37] GLS3000.INFO: Matched route "{route}". {"route":"getEnseignant","route_parameters":{"_controller":"Controllers\\EnseignantControllers::getEnseignant","enseignant":"D___fo","_route":"getEnseignant"},"request_uri":"http://localhost:8085/GLS3000/Enseignant/D___fo","method":"GET"} []
[2017-12-03 15:15:37] GLS3000.DEBUG: > GET /GLS3000/Enseignant/D___fo [] []
[2017-12-03 15:15:38] GLS3000.DEBUG: < 200 [] []
[2017-12-03 15:15:40] GLS3000.INFO: Matched route "{route}". {"route":"suiviIndex","route_parameters":{"_controller":"Controllers\\HomeControllers::indexPage","_route":"suiviIndex"},"request_uri":"http://localhost:8085/GLS3000/","method":"GET"} []
[2017-12-03 15:15:40] GLS3000.DEBUG: > GET /GLS3000/ [] []
[2017-12-03 15:15:40] GLS3000.DEBUG: < 200 [] []
[2017-12-03 15:15:40] GLS3000.ERROR: Symfony\Component\HttpKernel\Exception\NotFoundHttpException: No route found for "GET /img/logo_gls.png" (from "http://localhost:8085/GLS3000/") (uncaught exception) at /var/www/html/GLS3000/vendor/symfony/http-kernel/EventListener/RouterListener.php line 139 {"exception":"[object] (Symfony\\Component\\HttpKernel\\Exception\\NotFoundHttpException(code: 0): No route found for \"GET /img/logo_gls.png\" (from \"http://localhost:8085/GLS3000/\") at /var/www/html/GLS3000/vendor/symfony/http-kernel/EventListener/RouterListener.php:139, Symfony\\Component\\Routing\\Exception\\ResourceNotFoundException(code: 0): No routes found for \"/img/logo_gls.png\". at /var/www/html/GLS3000/vendor/symfony/routing/Matcher/UrlMatcher.php:85)"} []
[2017-12-03 15:15:43] GLS3000.INFO: Matched route "{route}". {"route":"rechercheStatut","route_parameters":{"_controller":"Controllers\\StatutControllers::rechercheStatut","_route":"rechercheStatut"},"request_uri":"http://localhost:8085/GLS3000/Statut","method":"GET"} []
[2017-12-03 15:15:43] GLS3000.DEBUG: > GET /GLS3000/Statut [] []
[2017-12-03 15:15:43] GLS3000.DEBUG: < 200 [] []
[2017-12-03 15:15:43] GLS3000.ERROR: Symfony\Component\HttpKernel\Exception\NotFoundHttpException: No route found for "GET /css/images/ui-bg_highlight-soft_100_eeeeee_1x100.png" (from "http://localhost:8085/GLS3000/web/css/jquery-ui.css") (uncaught exception) at /var/www/html/GLS3000/vendor/symfony/http-kernel/EventListener/RouterListener.php line 139 {"exception":"[object] (Symfony\\Component\\HttpKernel\\Exception\\NotFoundHttpException(code: 0): No route found for \"GET /css/images/ui-bg_highlight-soft_100_eeeeee_1x100.png\" (from \"http://localhost:8085/GLS3000/web/css/jquery-ui.css\") at /var/www/html/GLS3000/vendor/symfony/http-kernel/EventListener/RouterListener.php:139, Symfony\\Component\\Routing\\Exception\\ResourceNotFoundException(code: 0): No routes found for \"/css/images/ui-bg_highlight-soft_100_eeeeee_1x100.png\". at /var/www/html/GLS3000/vendor/symfony/routing/Matcher/UrlMatcher.php:85)"} []
[2017-12-03 15:15:45] GLS3000.ERROR: Symfony\Component\HttpKernel\Exception\NotFoundHttpException: No route found for "GET /css/images/ui-bg_glass_100_fdf5ce_1x400.png" (from "http://localhost:8085/GLS3000/web/css/jquery-ui.css") (uncaught exception) at /var/www/html/GLS3000/vendor/symfony/http-kernel/EventListener/RouterListener.php line 139 {"exception":"[object] (Symfony\\Component\\HttpKernel\\Exception\\NotFoundHttpException(code: 0): No route found for \"GET /css/images/ui-bg_glass_100_fdf5ce_1x400.png\" (from \"http://localhost:8085/GLS3000/web/css/jquery-ui.css\") at /var/www/html/GLS3000/vendor/symfony/http-kernel/EventListener/RouterListener.php:139, Symfony\\Component\\Routing\\Exception\\ResourceNotFoundException(code: 0): No routes found for \"/css/images/ui-bg_glass_100_fdf5ce_1x400.png\". at /var/www/html/GLS3000/vendor/symfony/routing/Matcher/UrlMatcher.php:85)"} []
[2017-12-03 15:15:47] GLS3000.INFO: Matched route "{route}". {"route":"rechercheStatut","route_parameters":{"_controller":"Controllers\\StatutControllers::rechercheStatut","_route":"rechercheStatut"},"request_uri":"http://localhost:8085/GLS3000/Statut?statut=MCF","method":"GET"} []
[2017-12-03 15:15:47] GLS3000.DEBUG: > GET /GLS3000/Statut?statut=MCF [] []
[2017-12-03 15:15:47] GLS3000.DEBUG: < 302 Statut/MCF [] []
[2017-12-03 15:15:47] GLS3000.INFO: Matched route "{route}". {"route":"getStatut","route_parameters":{"_controller":"Controllers\\StatutControllers::getStatut","statut":"MCF","_route":"getStatut"},"request_uri":"http://localhost:8085/GLS3000/Statut/MCF","method":"GET"} []
[2017-12-03 15:15:47] GLS3000.DEBUG: > GET /GLS3000/Statut/MCF [] []
[2017-12-03 15:15:47] GLS3000.DEBUG: < 200 [] []
[2017-12-03 15:15:49] GLS3000.INFO: Matched route "{route}". {"route":"suiviIndex","route_parameters":{"_controller":"Controllers\\HomeControllers::indexPage","_route":"suiviIndex"},"request_uri":"http://localhost:8085/GLS3000/","method":"GET"} []
[2017-12-03 15:15:49] GLS3000.DEBUG: > GET /GLS3000/ [] []
[2017-12-03 15:15:49] GLS3000.DEBUG: < 200 [] []
[2017-12-03 15:15:50] GLS3000.ERROR: Symfony\Component\HttpKernel\Exception\NotFoundHttpException: No route found for "GET /img/logo_gls.png" (from "http://localhost:8085/GLS3000/") (uncaught exception) at /var/www/html/GLS3000/vendor/symfony/http-kernel/EventListener/RouterListener.php line 139 {"exception":"[object] (Symfony\\Component\\HttpKernel\\Exception\\NotFoundHttpException(code: 0): No route found for \"GET /img/logo_gls.png\" (from \"http://localhost:8085/GLS3000/\") at /var/www/html/GLS3000/vendor/symfony/http-kernel/EventListener/RouterListener.php:139, Symfony\\Component\\Routing\\Exception\\ResourceNotFoundException(code: 0): No routes found for \"/img/logo_gls.png\". at /var/www/html/GLS3000/vendor/symfony/routing/Matcher/UrlMatcher.php:85)"} []
[2017-12-03 15:15:53] GLS3000.INFO: Matched route "{route}". {"route":"modif","route_parameters":{"_controller":"Controllers\\LigneServiceControllers::pageModification","_route":"modif"},"request_uri":"http://localhost:8085/GLS3000/LigneService","method":"GET"} []
[2017-12-03 15:15:53] GLS3000.DEBUG: > GET /GLS3000/LigneService [] []
[2017-12-03 15:15:54] GLS3000.CRITICAL: Twig_Error_Loader: Template "@views/ligne.service.html.twig" is not defined. (uncaught exception) at /var/www/html/GLS3000/vendor/twig/twig/lib/Twig/Loader/Chain.php line 129 {"exception":"[object] (Twig_Error_Loader(code: 0): Template \"@views/ligne.service.html.twig\" is not defined. at /var/www/html/GLS3000/vendor/twig/twig/lib/Twig/Loader/Chain.php:129)"} []
[2017-12-03 15:17:05] GLS3000.INFO: Matched route "{route}". {"route":"modif","route_parameters":{"_controller":"Controllers\\LigneServiceControllers::pageModification","_route":"modif"},"request_uri":"http://localhost:8085/GLS3000/LigneService","method":"GET"} []
[2017-12-03 15:17:05] GLS3000.DEBUG: > GET /GLS3000/LigneService [] []
[2017-12-03 15:17:06] GLS3000.DEBUG: < 200 [] []
[2017-12-03 15:17:48] GLS3000.INFO: Matched route "{route}". {"route":"modif","route_parameters":{"_controller":"Controllers\\LigneServiceControllers::pageModification","_route":"modif"},"request_uri":"http://localhost:8085/GLS3000/LigneService","method":"GET"} []
[2017-12-03 15:17:48] GLS3000.DEBUG: > GET /GLS3000/LigneService [] []
[2017-12-03 15:17:48] GLS3000.DEBUG: < 200 [] []
[2017-12-03 15:21:06] GLS3000.INFO: Matched route "{route}". {"route":"modif","route_parameters":{"_controller":"Controllers\\LigneServiceControllers::pageModification","_route":"modif"},"request_uri":"http://localhost:8085/GLS3000/LigneService","method":"GET"} []
[2017-12-03 15:21:06] GLS3000.DEBUG: > GET /GLS3000/LigneService [] []
[2017-12-03 15:21:07] GLS3000.DEBUG: < 200 [] []
[2017-12-03 15:23:02] GLS3000.INFO: Matched route "{route}". {"route":"modif","route_parameters":{"_controller":"Controllers\\LigneServiceControllers::pageModification","_route":"modif"},"request_uri":"http://localhost:8085/GLS3000/LigneService","method":"GET"} []
[2017-12-03 15:23:02] GLS3000.DEBUG: > GET /GLS3000/LigneService [] []
[2017-12-03 15:23:02] GLS3000.DEBUG: < 200 [] []
